
> Configure project :app
WARNING: The option setting 'android.disallowKotlinSourceSets=false' is experimental.
The current default is 'true'.

> Task :app:preBuild UP-TO-DATE
> Task :app:preDebugBuild UP-TO-DATE
> Task :app:mergeDebugNativeDebugMetadata NO-SOURCE
> Task :app:generateDebugResources UP-TO-DATE
> Task :app:packageDebugResources UP-TO-DATE
> Task :app:processDebugNavigationResources UP-TO-DATE
> Task :app:parseDebugLocalResources UP-TO-DATE
> Task :app:generateDebugRFile UP-TO-DATE
> Task :app:kspDebugKotlin UP-TO-DATE
> Task :app:javaPreCompileDebug UP-TO-DATE
> Task :app:generateDebugAssets UP-TO-DATE
> Task :app:mergeDebugAssets UP-TO-DATE
> Task :app:compressDebugAssets UP-TO-DATE
> Task :app:l8DexDesugarLibDebug UP-TO-DATE
> Task :app:checkDebugDuplicateClasses UP-TO-DATE
> Task :app:desugarDebugFileDependencies UP-TO-DATE
> Task :app:mergeExtDexDebug UP-TO-DATE
> Task :app:mergeLibDexDebug UP-TO-DATE
> Task :app:checkDebugAarMetadata UP-TO-DATE
> Task :app:compileDebugNavigationResources UP-TO-DATE
> Task :app:mapDebugSourceSetPaths UP-TO-DATE
> Task :app:mergeDebugResources UP-TO-DATE
> Task :app:createDebugCompatibleScreenManifests UP-TO-DATE
> Task :app:extractDeepLinksDebug UP-TO-DATE
> Task :app:processDebugMainManifest UP-TO-DATE
> Task :app:processDebugManifest UP-TO-DATE
> Task :app:processDebugManifestForPackage UP-TO-DATE
> Task :app:processDebugResources UP-TO-DATE
> Task :app:mergeDebugJniLibFolders UP-TO-DATE
> Task :app:mergeDebugNativeLibs UP-TO-DATE
> Task :app:stripDebugDebugSymbols UP-TO-DATE
> Task :app:validateSigningDebug UP-TO-DATE
> Task :app:writeDebugAppMetadata UP-TO-DATE
> Task :app:writeDebugSigningConfigVersions UP-TO-DATE

> Task :app:compileDebugKotlin FAILED
.\gradlew.bat : e: file://
/C:/Users/abhijith.sa/Andr
oidStudioProjects/HelloAnd
roid/app/src/main/java/com
/example/helloandroid/Fina
nceWidget.kt:34:6 
Unresolved reference 
'Composable'.
At line:1 char:65
+ ... oid\Android 
Studio\jbr"; 
.\gradlew.bat 
assembleDebug > build.log 
2>&1
+                         
     ~~~~~~~~~~~~~~~~~~~~~
~~~~~~~~~~~~~~~~~~~~~~~
    + CategoryInfo        
      : NotSpecified: (e  
  : file:///C:/U...e 'C   
 omposable'.:String) [    
], RemoteException
    + FullyQualifiedError 
   Id : NativeCommandErr  
  or
 
e: file:///C:/Users/abhiji
th.sa/AndroidStudioProject
s/HelloAndroid/app/src/mai
n/java/com/example/helloan
droid/FinanceWidget.kt:35:
17 Functions which invoke 
@Composable functions 
must be marked with the 
@Composable annotation
e: file:///C:/Users/abhiji
th.sa/AndroidStudioProject
s/HelloAndroid/app/src/mai
n/java/com/example/helloan
droid/FinanceWidget.kt:43:
9 @Composable invocations 
can only happen from the 
context of a @Composable 
function
e: file:///C:/Users/abhiji
th.sa/AndroidStudioProject
s/HelloAndroid/app/src/mai
n/java/com/example/helloan
droid/FinanceWidget.kt:54:
17 No parameter with name 
'horizontalArrangement' 
found.
e: file:///C:/Users/abhiji
th.sa/AndroidStudioProject
s/HelloAndroid/app/src/mai
n/java/com/example/helloan
droid/FinanceWidget.kt:54:
41 Unresolved reference 
'Arrangement'.

FAILURE: Build failed 
with an exception.

* What went wrong:
Execution failed for task 
':app:compileDebugKotlin'.
> A failure occurred 
while executing org.jetbra
ins.kotlin.compilerRunner.
GradleCompilerRunnerWithWo
rkers$GradleKotlinCompiler
WorkAction
   > Compilation error. 
See log for more details

* Try:
> Run with --stacktrace 
option to get the stack 
trace.
> Run with --info or 
--debug option to get 
more log output.
> Run with --scan to 
generate a Build Scan 
(Powered by Develocity).
> Get more help at 
https://help.gradle.org.

BUILD FAILED in 26s
31 actionable tasks: 1 executed, 30 up-to-date
